2026-06-23 09:13:02 [Info] 保管設備１起動
2026-06-23 09:13:03 [Fatal] 設備HTTPリスナー開始失敗
2026-06-23 09:13:03 [Info] サーバー通信状態：OFF-LINE
2026-06-23 09:13:03 [Info] 指示実行状態：IDLE
2026-06-23 09:13:03 [Info] 異常状態：NO ALARM
2026-06-23 09:13:03 [Info] 動作状態：STOP
2026-06-23 09:13:03 [Info] 出庫可能状態
2026-06-23 09:13:03 [Info] 設備ONLINE報告POST 開始
2026-06-23 09:13:07 [Error] POST例外 URL=/api/shelf-system/online
2026-06-23 09:13:07 [Info] 搬送指示要求GET 開始
2026-06-23 09:13:11 [Error] 搬送指示要求GET 失敗
2026-06-23 09:13:11 [Info] 動作状態：STOP
2026-06-23 09:13:11 [Info] サーバー通信状態：OFF-LINE
2026-06-23 09:13:11 [Info] 異常状態：ALARM
2026-06-23 09:13:11 [Info] 異常発生報告POST 開始
2026-06-23 09:13:15 [Error] POST例外 URL=/api/shelf-system/incident
2026-06-23 09:17:46 [Info] 保管設備１起動
2026-06-23 09:17:46 [Fatal] 設備HTTPリスナー開始失敗
2026-06-23 09:17:46 [Info] サーバー通信状態：OFF-LINE
2026-06-23 09:17:46 [Info] 指示実行状態：IDLE
2026-06-23 09:17:46 [Info] 異常状態：NO ALARM
2026-06-23 09:17:46 [Info] 動作状態：STOP
2026-06-23 09:17:46 [Info] 出庫可能状態
2026-06-23 09:17:46 [Info] 設備ONLINE報告POST 開始
2026-06-23 09:17:50 [Error] POST例外 URL=/api/shelf-system/online
2026-06-23 09:17:50 [Info] 搬送指示要求GET 開始
2026-06-23 09:17:54 [Error] 搬送指示要求GET 失敗
2026-06-23 09:17:54 [Info] 動作状態：STOP
2026-06-23 09:17:54 [Info] サーバー通信状態：OFF-LINE
2026-06-23 09:17:54 [Info] 異常状態：ALARM
2026-06-23 09:17:54 [Info] 異常発生報告POST 開始
2026-06-23 09:17:58 [Error] POST例外 URL=/api/shelf-system/incident
2026-06-23 09:55:15 [Info] 保管設備１起動
2026-06-23 09:55:16 [Fatal] 設備HTTPリスナー開始失敗
2026-06-23 09:55:16 [Info] サーバー通信状態：OFF-LINE
2026-06-23 09:55:16 [Info] 指示実行状態：IDLE
2026-06-23 09:55:16 [Info] 異常状態：NO ALARM
2026-06-23 09:55:16 [Info] 動作状態：STOP
2026-06-23 09:55:16 [Info] 出庫可能状態
2026-06-23 09:55:16 [Info] 設備ONLINE報告POST 開始
2026-06-23 09:55:20 [Error] POST例外 URL=/api/shelf-system/online
2026-06-23 09:55:20 [Info] 搬送指示要求GET 開始
2026-06-23 09:55:24 [Error] 搬送指示要求GET 失敗
2026-06-23 09:55:24 [Info] 動作状態：STOP
2026-06-23 09:55:24 [Info] サーバー通信状態：OFF-LINE
2026-06-23 09:55:24 [Info] 異常状態：ALARM
2026-06-23 09:55:24 [Info] 異常発生報告POST 開始
