2026-06-25 13:04:44 [Fatal] 設備HTTPリスナー開始失敗
2026-06-25 13:04:44 [Info] ========== 保管設備起動 ==========
2026-06-25 13:04:44 [Info] サーバー通信状態：OFF-LINE
2026-06-25 13:04:44 [Info] 指示実行状態：IDLE
2026-06-25 13:04:44 [Info] 異常状態：NO ALARM
2026-06-25 13:04:44 [Info] 動作状態：STOP
2026-06-25 13:04:44 [Info] 出庫可能状態
2026-06-25 13:04:44 [Info] 設備ONLINE報告POST 開始
2026-06-25 13:04:48 [Error] POST例外 URL=/api/shelf-system/online
2026-06-25 13:04:48 [Info] 搬送指示要求GET 開始
2026-06-25 13:04:51 [Error] 搬送指示要求GET例外
2026-06-25 13:04:51 [Info] サーバー通信状態：OFF-LINE
2026-06-25 13:04:51 [Info] 異常状態：ALARM
2026-06-25 13:04:51 [Info] 動作状態：STOP
2026-06-25 13:04:51 [Error] 搬送指示要求GET 失敗
2026-06-25 13:04:56 [Info] 搬送指示要求GET 開始
2026-06-25 13:07:28 [Fatal] 設備HTTPリスナー開始失敗
2026-06-25 13:07:28 [Info] ========== 保管設備起動 ==========
2026-06-25 13:07:28 [Info] サーバー通信状態：OFF-LINE
2026-06-25 13:07:28 [Info] 指示実行状態：IDLE
2026-06-25 13:07:28 [Info] 異常状態：NO ALARM
2026-06-25 13:07:28 [Info] 動作状態：STOP
2026-06-25 13:07:28 [Info] 出庫可能状態
2026-06-25 13:07:28 [Info] 設備ONLINE報告POST 開始
2026-06-25 13:07:29 [Warn] POST失敗 URL=/api/shelf-system/online Status=400
2026-06-25 13:07:29 [Info] 搬送指示要求GET 開始
2026-06-25 13:07:30 [Info] サーバー通信状態：ON-LINE
2026-06-25 13:07:30 [Info] 指示実行状態：ACTIVE
2026-06-25 13:07:30 [Info] 動作状態：BUSY
2026-06-25 13:07:30 [Info] 搬送指示開始報告POST 開始
2026-06-25 13:07:30 [Info] 搬送指示要求GET 搬送指示受信
2026-06-25 13:07:36 [Info] 正常完了選択
2026-06-25 13:07:36 [Info] 指示実行状態：IDLE
2026-06-25 13:07:36 [Info] 動作状態：STOP
2026-06-25 13:07:36 [Info] 搬送指示正常完了報告POST 開始
2026-06-25 13:07:36 [Info] 搬送指示要求GET 開始
2026-06-25 13:07:36 [Info] サーバー通信状態：ON-LINE
2026-06-25 13:07:36 [Info] 搬送指示要求GET 搬送指示なし
2026-06-25 13:07:41 [Info] 搬送指示要求GET 開始
2026-06-25 13:07:41 [Info] サーバー通信状態：ON-LINE
2026-06-25 13:07:41 [Info] 搬送指示要求GET 搬送指示なし
2026-06-25 13:07:46 [Info] 搬送指示要求GET 開始
2026-06-25 13:07:46 [Info] サーバー通信状態：ON-LINE
2026-06-25 13:07:46 [Info] 搬送指示要求GET 搬送指示なし
2026-06-25 13:07:51 [Info] 搬送指示要求GET 開始
2026-06-25 13:07:51 [Info] サーバー通信状態：ON-LINE
2026-06-25 13:07:51 [Info] 搬送指示要求GET 搬送指示なし
2026-06-25 13:07:56 [Info] 搬送指示要求GET 開始
2026-06-25 13:07:56 [Info] サーバー通信状態：ON-LINE
2026-06-25 13:07:56 [Info] 搬送指示要求GET 搬送指示なし
2026-06-25 13:08:02 [Info] 搬送指示要求GET 開始
2026-06-25 13:08:02 [Info] サーバー通信状態：ON-LINE
2026-06-25 13:08:02 [Info] 搬送指示要求GET 搬送指示なし
2026-06-25 13:08:07 [Info] 搬送指示要求GET 開始
2026-06-25 13:08:07 [Info] サーバー通信状態：ON-LINE
2026-06-25 13:08:07 [Info] 搬送指示要求GET 搬送指示なし
2026-06-25 13:08:12 [Info] 搬送指示要求GET 開始
2026-06-25 13:08:12 [Info] サーバー通信状態：ON-LINE
2026-06-25 13:08:12 [Info] 搬送指示要求GET 搬送指示なし
2026-06-25 13:08:17 [Info] 搬送指示要求GET 開始
2026-06-25 13:08:17 [Info] サーバー通信状態：ON-LINE
2026-06-25 13:08:17 [Info] 搬送指示要求GET 搬送指示なし
2026-06-25 13:08:22 [Info] 搬送指示要求GET 開始
2026-06-25 13:08:22 [Info] サーバー通信状態：ON-LINE
2026-06-25 13:08:22 [Info] 搬送指示要求GET 搬送指示なし
2026-06-25 13:08:27 [Info] 搬送指示要求GET 開始
2026-06-25 13:08:27 [Info] サーバー通信状態：ON-LINE
2026-06-25 13:08:27 [Info] 搬送指示要求GET 搬送指示なし
2026-06-25 13:08:32 [Info] 搬送指示要求GET 開始
2026-06-25 13:08:32 [Info] サーバー通信状態：ON-LINE
2026-06-25 13:08:32 [Info] 搬送指示要求GET 搬送指示なし
2026-06-25 13:08:37 [Info] 搬送指示要求GET 開始
2026-06-25 13:08:37 [Info] サーバー通信状態：ON-LINE
2026-06-25 13:08:37 [Info] 搬送指示要求GET 搬送指示なし
2026-06-25 13:08:42 [Info] 搬送指示要求GET 開始
2026-06-25 13:08:42 [Info] サーバー通信状態：ON-LINE
2026-06-25 13:08:42 [Info] 搬送指示要求GET 搬送指示なし
2026-06-25 13:08:47 [Info] 搬送指示要求GET 開始
2026-06-25 13:08:47 [Info] サーバー通信状態：ON-LINE
2026-06-25 13:08:47 [Info] 搬送指示要求GET 搬送指示なし
2026-06-25 13:08:52 [Info] 搬送指示要求GET 開始
2026-06-25 13:08:52 [Info] サーバー通信状態：ON-LINE
2026-06-25 13:08:52 [Info] 指示実行状態：ACTIVE
2026-06-25 13:08:52 [Info] 動作状態：BUSY
2026-06-25 13:08:52 [Info] 搬送指示開始報告POST 開始
2026-06-25 13:08:52 [Info] 搬送指示要求GET 搬送指示受信
2026-06-25 13:08:55 [Info] 正常完了選択
2026-06-25 13:08:55 [Info] 出庫不可
2026-06-25 13:08:55 [Info] 指示実行状態：IDLE
2026-06-25 13:08:55 [Info] 動作状態：STOP
2026-06-25 13:08:55 [Info] 搬送指示正常完了報告POST 開始
2026-06-25 13:08:55 [Info] 搬送指示要求GET 開始
2026-06-25 13:08:55 [Info] サーバー通信状態：ON-LINE
2026-06-25 13:08:55 [Info] 搬送指示要求GET 搬送指示なし
2026-06-25 13:09:00 [Info] 搬送指示要求GET 開始
2026-06-25 13:09:00 [Info] サーバー通信状態：ON-LINE
2026-06-25 13:09:00 [Info] 搬送指示要求GET 搬送指示なし
2026-06-25 13:09:05 [Info] 搬送指示要求GET 開始
2026-06-25 13:09:05 [Info] サーバー通信状態：ON-LINE
2026-06-25 13:09:05 [Info] 搬送指示要求GET 搬送指示なし
2026-06-25 13:09:10 [Info] 搬送指示要求GET 開始
2026-06-25 13:09:10 [Info] サーバー通信状態：ON-LINE
2026-06-25 13:09:10 [Info] 搬送指示要求GET 搬送指示なし
2026-06-25 13:09:15 [Info] 搬送指示要求GET 開始
2026-06-25 13:09:15 [Info] サーバー通信状態：ON-LINE
2026-06-25 13:09:15 [Info] 搬送指示要求GET 搬送指示なし
2026-06-25 13:09:20 [Info] 搬送指示要求GET 開始
2026-06-25 13:09:20 [Info] サーバー通信状態：ON-LINE
2026-06-25 13:09:20 [Info] 搬送指示要求GET 搬送指示なし
2026-06-25 13:09:25 [Info] 搬送指示要求GET 開始
2026-06-25 13:09:25 [Info] サーバー通信状態：ON-LINE
2026-06-25 13:09:25 [Info] 搬送指示要求GET 搬送指示なし
2026-06-25 13:09:30 [Info] 搬送指示要求GET 開始
2026-06-25 13:09:30 [Info] サーバー通信状態：ON-LINE
2026-06-25 13:09:30 [Info] 搬送指示要求GET 搬送指示なし
2026-06-25 13:09:35 [Info] 搬送指示要求GET 開始
2026-06-25 13:09:36 [Info] サーバー通信状態：ON-LINE
2026-06-25 13:09:36 [Info] 搬送指示要求GET 搬送指示なし
2026-06-25 13:09:41 [Info] 搬送指示要求GET 開始
2026-06-25 13:09:41 [Info] サーバー通信状態：ON-LINE
2026-06-25 13:09:41 [Info] 搬送指示要求GET 搬送指示なし
2026-06-25 13:09:46 [Info] 搬送指示要求GET 開始
2026-06-25 13:09:46 [Info] サーバー通信状態：ON-LINE
2026-06-25 13:09:46 [Info] 搬送指示要求GET 搬送指示なし
2026-06-25 13:09:51 [Info] 搬送指示要求GET 開始
2026-06-25 13:09:51 [Info] サーバー通信状態：ON-LINE
2026-06-25 13:09:51 [Info] 搬送指示要求GET 搬送指示なし
2026-06-25 13:09:56 [Info] 搬送指示要求GET 開始
2026-06-25 13:09:56 [Info] サーバー通信状態：ON-LINE
2026-06-25 13:09:56 [Info] 搬送指示要求GET 搬送指示なし
2026-06-25 13:10:01 [Info] 搬送指示要求GET 開始
2026-06-25 13:10:01 [Info] サーバー通信状態：ON-LINE
2026-06-25 13:10:01 [Info] 搬送指示要求GET 搬送指示なし
2026-06-25 13:10:06 [Info] 搬送指示要求GET 開始
2026-06-25 13:10:06 [Info] サーバー通信状態：ON-LINE
2026-06-25 13:10:06 [Info] 搬送指示要求GET 搬送指示なし
2026-06-25 13:10:11 [Info] 搬送指示要求GET 開始
2026-06-25 13:10:11 [Info] サーバー通信状態：ON-LINE
2026-06-25 13:10:11 [Info] 搬送指示要求GET 搬送指示なし
2026-06-25 13:10:16 [Info] 搬送指示要求GET 開始
2026-06-25 13:10:16 [Info] サーバー通信状態：ON-LINE
2026-06-25 13:10:16 [Info] 搬送指示要求GET 搬送指示なし
2026-06-25 13:10:21 [Info] 搬送指示要求GET 開始
2026-06-25 13:10:21 [Info] サーバー通信状態：ON-LINE
2026-06-25 13:10:21 [Info] 搬送指示要求GET 搬送指示なし
2026-06-25 13:10:26 [Info] 搬送指示要求GET 開始
2026-06-25 13:10:26 [Info] サーバー通信状態：ON-LINE
2026-06-25 13:10:26 [Info] 搬送指示要求GET 搬送指示なし
2026-06-25 13:10:31 [Info] 搬送指示要求GET 開始
2026-06-25 13:10:31 [Info] サーバー通信状態：ON-LINE
2026-06-25 13:10:31 [Info] 搬送指示要求GET 搬送指示なし
2026-06-25 13:10:36 [Info] 搬送指示要求GET 開始
2026-06-25 13:10:36 [Info] サーバー通信状態：ON-LINE
2026-06-25 13:10:36 [Info] 搬送指示要求GET 搬送指示なし
2026-06-25 13:10:41 [Info] 搬送指示要求GET 開始
2026-06-25 13:10:41 [Info] サーバー通信状態：ON-LINE
2026-06-25 13:10:41 [Info] 搬送指示要求GET 搬送指示なし
2026-06-25 13:10:46 [Info] 搬送指示要求GET 開始
2026-06-25 13:10:49 [Error] 搬送指示要求GET例外
2026-06-25 13:10:49 [Info] サーバー通信状態：OFF-LINE
2026-06-25 13:10:49 [Info] 異常状態：ALARM
2026-06-25 13:10:49 [Info] 動作状態：STOP
2026-06-25 13:10:49 [Error] 搬送指示要求GET 失敗
2026-06-25 13:10:54 [Info] 搬送指示要求GET 開始
2026-06-25 13:10:57 [Error] 搬送指示要求GET例外
2026-06-25 13:10:57 [Info] サーバー通信状態：OFF-LINE
2026-06-25 13:10:57 [Info] 異常状態：ALARM
2026-06-25 13:10:57 [Info] 動作状態：STOP
2026-06-25 13:10:57 [Error] 搬送指示要求GET 失敗
2026-06-25 13:11:02 [Info] 搬送指示要求GET 開始
2026-06-25 13:11:05 [Error] 搬送指示要求GET例外
2026-06-25 13:11:05 [Info] サーバー通信状態：OFF-LINE
2026-06-25 13:11:05 [Info] 異常状態：ALARM
2026-06-25 13:11:05 [Info] 動作状態：STOP
2026-06-25 13:11:05 [Error] 搬送指示要求GET 失敗
2026-06-25 13:11:10 [Info] 搬送指示要求GET 開始
2026-06-25 13:11:13 [Error] 搬送指示要求GET例外
2026-06-25 13:11:13 [Info] サーバー通信状態：OFF-LINE
2026-06-25 13:11:13 [Info] 異常状態：ALARM
2026-06-25 13:11:13 [Info] 動作状態：STOP
2026-06-25 13:11:13 [Error] 搬送指示要求GET 失敗
2026-06-25 13:11:18 [Info] 搬送指示要求GET 開始
2026-06-25 13:11:21 [Error] 搬送指示要求GET例外
2026-06-25 13:11:21 [Info] サーバー通信状態：OFF-LINE
2026-06-25 13:11:21 [Info] 異常状態：ALARM
2026-06-25 13:11:21 [Info] 動作状態：STOP
2026-06-25 13:11:21 [Error] 搬送指示要求GET 失敗
2026-06-25 13:11:26 [Info] 搬送指示要求GET 開始
2026-06-25 13:11:29 [Error] 搬送指示要求GET例外
2026-06-25 13:11:29 [Info] サーバー通信状態：OFF-LINE
2026-06-25 13:11:29 [Info] 異常状態：ALARM
2026-06-25 13:11:29 [Info] 動作状態：STOP
2026-06-25 13:11:29 [Error] 搬送指示要求GET 失敗
2026-06-25 13:11:34 [Info] 搬送指示要求GET 開始
2026-06-25 13:11:37 [Error] 搬送指示要求GET例外
2026-06-25 13:11:37 [Info] サーバー通信状態：OFF-LINE
2026-06-25 13:11:37 [Info] 異常状態：ALARM
2026-06-25 13:11:37 [Info] 動作状態：STOP
2026-06-25 13:11:37 [Error] 搬送指示要求GET 失敗
2026-06-25 13:11:42 [Info] 搬送指示要求GET 開始
2026-06-25 13:11:45 [Error] 搬送指示要求GET例外
2026-06-25 13:11:45 [Info] サーバー通信状態：OFF-LINE
2026-06-25 13:11:45 [Info] 異常状態：ALARM
2026-06-25 13:11:45 [Info] 動作状態：STOP
2026-06-25 13:11:45 [Error] 搬送指示要求GET 失敗
2026-06-25 13:11:50 [Info] 搬送指示要求GET 開始
2026-06-25 13:11:51 [Info] サーバー通信状態：ON-LINE
2026-06-25 13:11:51 [Info] 搬送指示要求GET 搬送指示なし
2026-06-25 13:11:56 [Info] 搬送指示要求GET 開始
2026-06-25 13:11:56 [Info] サーバー通信状態：ON-LINE
2026-06-25 13:11:56 [Info] 搬送指示要求GET 搬送指示なし
2026-06-25 13:12:01 [Info] 異常状態：NO ALARM
2026-06-25 13:12:01 [Info] 動作状態：STOP
2026-06-25 13:12:01 [Info] 異常解除報告POST 開始
2026-06-25 13:12:01 [Info] 搬送指示要求GET 開始
2026-06-25 13:12:01 [Info] サーバー通信状態：ON-LINE
2026-06-25 13:12:01 [Info] 搬送指示要求GET 搬送指示なし
2026-06-25 13:12:06 [Info] 搬送指示要求GET 開始
2026-06-25 13:12:06 [Info] サーバー通信状態：ON-LINE
2026-06-25 13:12:06 [Info] 搬送指示要求GET 搬送指示なし
2026-06-25 13:12:11 [Info] 搬送指示要求GET 開始
2026-06-25 13:12:11 [Info] サーバー通信状態：ON-LINE
2026-06-25 13:12:11 [Info] 搬送指示要求GET 搬送指示なし
2026-06-25 13:12:16 [Info] 搬送指示要求GET 開始
2026-06-25 13:12:16 [Info] サーバー通信状態：ON-LINE
2026-06-25 13:12:16 [Info] 搬送指示要求GET 搬送指示なし
2026-06-25 13:12:21 [Info] 搬送指示要求GET 開始
2026-06-25 13:12:21 [Info] サーバー通信状態：ON-LINE
2026-06-25 13:12:21 [Info] 搬送指示要求GET 搬送指示なし
2026-06-25 13:12:26 [Info] 搬送指示要求GET 開始
2026-06-25 13:12:26 [Info] サーバー通信状態：ON-LINE
2026-06-25 13:12:26 [Info] 搬送指示要求GET 搬送指示なし
2026-06-25 13:12:31 [Info] 搬送指示要求GET 開始
2026-06-25 13:12:31 [Info] サーバー通信状態：ON-LINE
2026-06-25 13:12:31 [Info] 搬送指示要求GET 搬送指示なし
2026-06-25 13:12:36 [Info] 搬送指示要求GET 開始
2026-06-25 13:12:36 [Info] サーバー通信状態：ON-LINE
2026-06-25 13:12:36 [Info] 搬送指示要求GET 搬送指示なし
2026-06-25 13:12:41 [Info] 搬送指示要求GET 開始
2026-06-25 13:12:41 [Info] サーバー通信状態：ON-LINE
2026-06-25 13:12:41 [Info] 搬送指示要求GET 搬送指示なし
2026-06-25 13:12:46 [Info] 搬送指示要求GET 開始
2026-06-25 13:12:46 [Info] サーバー通信状態：ON-LINE
2026-06-25 13:12:46 [Info] 搬送指示要求GET 搬送指示なし
2026-06-25 13:12:51 [Info] 搬送指示要求GET 開始
2026-06-25 13:12:51 [Info] サーバー通信状態：ON-LINE
2026-06-25 13:12:51 [Info] 搬送指示要求GET 搬送指示なし
2026-06-25 13:12:56 [Info] 搬送指示要求GET 開始
2026-06-25 13:12:56 [Info] サーバー通信状態：ON-LINE
2026-06-25 13:12:56 [Info] 搬送指示要求GET 搬送指示なし
2026-06-25 13:13:01 [Info] 搬送指示要求GET 開始
2026-06-25 13:13:01 [Info] サーバー通信状態：ON-LINE
2026-06-25 13:13:01 [Info] 搬送指示要求GET 搬送指示なし
2026-06-25 13:13:06 [Info] 搬送指示要求GET 開始
2026-06-25 13:13:06 [Info] サーバー通信状態：ON-LINE
2026-06-25 13:13:06 [Info] 搬送指示要求GET 搬送指示なし
2026-06-25 13:13:11 [Info] 搬送指示要求GET 開始
2026-06-25 13:13:11 [Info] サーバー通信状態：ON-LINE
2026-06-25 13:13:11 [Info] 搬送指示要求GET 搬送指示なし
2026-06-25 13:13:16 [Info] 搬送指示要求GET 開始
2026-06-25 13:13:16 [Info] サーバー通信状態：ON-LINE
2026-06-25 13:13:16 [Info] 搬送指示要求GET 搬送指示なし
2026-06-25 13:13:21 [Info] 搬送指示要求GET 開始
2026-06-25 13:13:21 [Info] サーバー通信状態：ON-LINE
2026-06-25 13:13:21 [Info] 搬送指示要求GET 搬送指示なし
2026-06-25 13:13:26 [Info] 搬送指示要求GET 開始
2026-06-25 13:13:29 [Error] 搬送指示要求GET例外
2026-06-25 13:13:29 [Info] サーバー通信状態：OFF-LINE
2026-06-25 13:13:29 [Info] 異常状態：ALARM
2026-06-25 13:13:29 [Info] 動作状態：STOP
2026-06-25 13:13:29 [Error] 搬送指示要求GET 失敗
2026-06-25 13:13:34 [Info] 搬送指示要求GET 開始
2026-06-25 13:13:37 [Error] 搬送指示要求GET例外
2026-06-25 13:13:37 [Info] サーバー通信状態：OFF-LINE
2026-06-25 13:13:37 [Info] 異常状態：ALARM
2026-06-25 13:13:37 [Info] 動作状態：STOP
2026-06-25 13:13:37 [Error] 搬送指示要求GET 失敗
2026-06-25 13:14:21 [Info] 設備HTTPリスナー開始
2026-06-25 13:14:21 [Info] ========== 保管設備起動 ==========
2026-06-25 13:14:21 [Info] サーバー通信状態：OFF-LINE
2026-06-25 13:14:21 [Info] 指示実行状態：IDLE
2026-06-25 13:14:21 [Info] 異常状態：NO ALARM
2026-06-25 13:14:21 [Info] 動作状態：STOP
2026-06-25 13:14:21 [Info] 出庫可能状態
2026-06-25 13:14:21 [Info] 設備ONLINE報告POST 開始
2026-06-25 13:14:22 [Warn] POST失敗 URL=/api/shelf-system/online Status=400
2026-06-25 13:14:22 [Info] 搬送指示要求GET 開始
2026-06-25 13:14:22 [Info] サーバー通信状態：ON-LINE
2026-06-25 13:14:22 [Info] 搬送指示要求GET 搬送指示なし
2026-06-25 13:14:22 [Info] HTTP受信 Method=GET Path=/api/shelf-system/status
2026-06-25 13:14:22 [Info] EQP状態取得GET受信
2026-06-25 13:14:27 [Info] 搬送指示要求GET 開始
2026-06-25 13:14:27 [Info] サーバー通信状態：ON-LINE
2026-06-25 13:14:27 [Info] 搬送指示要求GET 搬送指示なし
2026-06-25 13:14:32 [Info] 搬送指示要求GET 開始
2026-06-25 13:14:32 [Info] サーバー通信状態：ON-LINE
2026-06-25 13:14:32 [Info] 搬送指示要求GET 搬送指示なし
2026-06-25 13:14:37 [Info] 搬送指示要求GET 開始
2026-06-25 13:14:37 [Info] サーバー通信状態：ON-LINE
2026-06-25 13:14:37 [Info] 搬送指示要求GET 搬送指示なし
2026-06-25 13:14:42 [Info] 搬送指示要求GET 開始
2026-06-25 13:14:42 [Info] サーバー通信状態：ON-LINE
2026-06-25 13:14:42 [Info] 指示実行状態：ACTIVE
2026-06-25 13:14:42 [Info] 動作状態：BUSY
2026-06-25 13:14:42 [Info] 搬送指示開始報告POST 開始
2026-06-25 13:14:42 [Info] 搬送指示要求GET 搬送指示受信
2026-06-25 13:14:45 [Info] 正常完了選択
2026-06-25 13:14:45 [Info] 指示実行状態：IDLE
2026-06-25 13:14:45 [Info] 動作状態：STOP
2026-06-25 13:14:45 [Info] 搬送指示正常完了報告POST 開始
2026-06-25 13:14:45 [Info] 搬送指示要求GET 開始
2026-06-25 13:14:45 [Info] サーバー通信状態：ON-LINE
2026-06-25 13:14:45 [Info] 搬送指示要求GET 搬送指示なし
2026-06-25 13:14:50 [Info] 搬送指示要求GET 開始
2026-06-25 13:14:50 [Info] サーバー通信状態：ON-LINE
2026-06-25 13:14:50 [Info] 搬送指示要求GET 搬送指示なし
2026-06-25 13:14:55 [Info] 搬送指示要求GET 開始
2026-06-25 13:14:55 [Info] サーバー通信状態：ON-LINE
2026-06-25 13:14:55 [Info] 搬送指示要求GET 搬送指示なし
2026-06-25 13:15:00 [Info] 搬送指示要求GET 開始
2026-06-25 13:15:00 [Info] サーバー通信状態：ON-LINE
2026-06-25 13:15:00 [Info] 指示実行状態：ACTIVE
2026-06-25 13:15:00 [Info] 動作状態：BUSY
2026-06-25 13:15:00 [Info] 搬送指示開始報告POST 開始
2026-06-25 13:15:00 [Info] 搬送指示要求GET 搬送指示受信
2026-06-25 13:15:03 [Info] 正常完了選択
2026-06-25 13:15:03 [Info] 出庫不可
2026-06-25 13:15:03 [Info] 指示実行状態：IDLE
2026-06-25 13:15:03 [Info] 動作状態：STOP
2026-06-25 13:15:03 [Info] 搬送指示正常完了報告POST 開始
2026-06-25 13:15:03 [Info] 搬送指示要求GET 開始
2026-06-25 13:15:03 [Info] サーバー通信状態：ON-LINE
2026-06-25 13:15:03 [Info] 搬送指示要求GET 搬送指示なし
2026-06-25 13:15:08 [Info] 搬送指示要求GET 開始
2026-06-25 13:15:08 [Info] サーバー通信状態：ON-LINE
2026-06-25 13:15:08 [Info] 搬送指示要求GET 搬送指示なし
2026-06-25 13:15:13 [Info] 搬送指示要求GET 開始
2026-06-25 13:15:13 [Info] サーバー通信状態：ON-LINE
2026-06-25 13:15:13 [Info] 搬送指示要求GET 搬送指示なし
2026-06-25 13:15:18 [Info] 搬送指示要求GET 開始
2026-06-25 13:15:18 [Info] サーバー通信状態：ON-LINE
2026-06-25 13:15:18 [Info] 搬送指示要求GET 搬送指示なし
2026-06-25 13:15:23 [Info] 搬送指示要求GET 開始
2026-06-25 13:15:23 [Info] サーバー通信状態：ON-LINE
2026-06-25 13:15:23 [Info] 搬送指示要求GET 搬送指示なし
2026-06-25 13:15:28 [Info] 搬送指示要求GET 開始
2026-06-25 13:15:28 [Info] サーバー通信状態：ON-LINE
2026-06-25 13:15:28 [Info] 搬送指示要求GET 搬送指示なし
2026-06-25 13:15:30 [Info] HTTP受信 Method=POST Path=/api/shelf-system/unload
2026-06-25 13:15:30 [Info] 払出完了POST受信
2026-06-25 13:15:30 [Info] 出庫可能
2026-06-25 13:15:33 [Info] 搬送指示要求GET 開始
2026-06-25 13:15:33 [Info] サーバー通信状態：ON-LINE
2026-06-25 13:15:33 [Info] 搬送指示要求GET 搬送指示なし
2026-06-25 13:15:38 [Info] 搬送指示要求GET 開始
2026-06-25 13:15:38 [Info] サーバー通信状態：ON-LINE
2026-06-25 13:15:38 [Info] 搬送指示要求GET 搬送指示なし
2026-06-25 13:28:28 [Info] 設備HTTPリスナー開始
2026-06-25 13:28:28 [Info] ========== 保管設備起動 ==========
2026-06-25 13:28:28 [Info] サーバー通信状態：OFF-LINE
2026-06-25 13:28:28 [Info] 指示実行状態：IDLE
2026-06-25 13:28:28 [Info] 異常状態：NO ALARM
2026-06-25 13:28:28 [Info] 動作状態：STOP
2026-06-25 13:28:28 [Info] 出庫可能状態
2026-06-25 13:28:28 [Info] 設備ONLINE報告POST 開始
2026-06-25 13:28:29 [Warn] POST失敗 URL=/api/shelf-system/online Status=400
2026-06-25 13:28:29 [Info] 搬送指示要求GET 開始
2026-06-25 13:28:29 [Info] サーバー通信状態：ON-LINE
2026-06-25 13:28:29 [Info] 搬送指示要求GET 搬送指示なし
2026-06-25 13:28:34 [Info] 搬送指示要求GET 開始
2026-06-25 13:28:34 [Info] サーバー通信状態：ON-LINE
2026-06-25 13:28:34 [Info] 搬送指示要求GET 搬送指示なし
2026-06-25 13:28:39 [Info] 搬送指示要求GET 開始
2026-06-25 13:28:39 [Info] サーバー通信状態：ON-LINE
2026-06-25 13:28:39 [Info] 搬送指示要求GET 搬送指示なし
2026-06-25 13:28:44 [Info] 搬送指示要求GET 開始
2026-06-25 13:28:44 [Info] サーバー通信状態：ON-LINE
2026-06-25 13:28:44 [Info] 搬送指示要求GET 搬送指示なし
2026-06-25 13:28:49 [Info] 搬送指示要求GET 開始
2026-06-25 13:28:49 [Info] サーバー通信状態：ON-LINE
2026-06-25 13:28:49 [Info] 搬送指示要求GET 搬送指示なし
2026-06-25 13:28:54 [Info] 搬送指示要求GET 開始
2026-06-25 13:28:54 [Info] サーバー通信状態：ON-LINE
2026-06-25 13:28:54 [Info] 搬送指示要求GET 搬送指示なし
2026-06-25 13:28:59 [Info] 搬送指示要求GET 開始
2026-06-25 13:28:59 [Info] サーバー通信状態：ON-LINE
2026-06-25 13:28:59 [Info] 搬送指示要求GET 搬送指示なし
2026-06-25 13:29:04 [Info] 搬送指示要求GET 開始
2026-06-25 13:29:04 [Info] サーバー通信状態：ON-LINE
2026-06-25 13:29:04 [Info] 搬送指示要求GET 搬送指示なし
2026-06-25 13:29:09 [Info] 搬送指示要求GET 開始
2026-06-25 13:29:09 [Info] サーバー通信状態：ON-LINE
2026-06-25 13:29:09 [Info] 指示実行状態：ACTIVE
2026-06-25 13:29:09 [Info] 動作状態：BUSY
2026-06-25 13:29:09 [Info] 搬送指示開始報告POST 開始
2026-06-25 13:29:10 [Info] 搬送指示要求GET 搬送指示受信
2026-06-25 13:29:13 [Info] 正常完了選択
2026-06-25 13:29:13 [Info] 指示実行状態：IDLE
2026-06-25 13:29:13 [Info] 動作状態：STOP
2026-06-25 13:29:13 [Info] 搬送指示正常完了報告POST 開始
2026-06-25 13:29:13 [Info] 搬送指示要求GET 開始
2026-06-25 13:29:13 [Info] サーバー通信状態：ON-LINE
2026-06-25 13:29:13 [Info] 搬送指示要求GET 搬送指示なし
2026-06-25 13:29:18 [Info] 搬送指示要求GET 開始
2026-06-25 13:29:18 [Info] サーバー通信状態：ON-LINE
2026-06-25 13:29:18 [Info] 搬送指示要求GET 搬送指示なし
2026-06-25 13:29:23 [Info] 搬送指示要求GET 開始
2026-06-25 13:29:23 [Info] サーバー通信状態：ON-LINE
2026-06-25 13:29:23 [Info] 搬送指示要求GET 搬送指示なし
2026-06-25 13:29:28 [Info] 搬送指示要求GET 開始
2026-06-25 13:29:28 [Info] サーバー通信状態：ON-LINE
2026-06-25 13:29:28 [Info] 搬送指示要求GET 搬送指示なし
2026-06-25 13:29:33 [Info] 搬送指示要求GET 開始
2026-06-25 13:29:33 [Info] サーバー通信状態：ON-LINE
2026-06-25 13:29:33 [Info] 搬送指示要求GET 搬送指示なし
2026-06-25 13:29:38 [Info] 搬送指示要求GET 開始
2026-06-25 13:29:38 [Info] サーバー通信状態：ON-LINE
2026-06-25 13:29:38 [Info] 搬送指示要求GET 搬送指示なし
2026-06-25 13:29:43 [Info] 搬送指示要求GET 開始
2026-06-25 13:29:43 [Info] サーバー通信状態：ON-LINE
2026-06-25 13:29:43 [Info] 搬送指示要求GET 搬送指示なし
2026-06-25 13:29:48 [Info] 搬送指示要求GET 開始
2026-06-25 13:29:48 [Info] サーバー通信状態：ON-LINE
2026-06-25 13:29:48 [Info] 搬送指示要求GET 搬送指示なし
2026-06-25 13:29:53 [Info] 搬送指示要求GET 開始
2026-06-25 13:29:53 [Info] サーバー通信状態：ON-LINE
2026-06-25 13:29:53 [Info] 搬送指示要求GET 搬送指示なし
2026-06-25 13:29:59 [Info] 搬送指示要求GET 開始
2026-06-25 13:29:59 [Info] サーバー通信状態：ON-LINE
2026-06-25 13:29:59 [Info] 搬送指示要求GET 搬送指示なし
2026-06-25 13:30:04 [Info] 搬送指示要求GET 開始
2026-06-25 13:30:04 [Info] サーバー通信状態：ON-LINE
2026-06-25 13:30:04 [Info] 指示実行状態：ACTIVE
2026-06-25 13:30:04 [Info] 動作状態：BUSY
2026-06-25 13:30:04 [Info] 搬送指示開始報告POST 開始
2026-06-25 13:30:04 [Info] 搬送指示要求GET 搬送指示受信
2026-06-25 13:30:11 [Info] 正常完了選択
2026-06-25 13:30:11 [Info] 出庫不可
2026-06-25 13:30:11 [Info] 指示実行状態：IDLE
2026-06-25 13:30:11 [Info] 動作状態：STOP
2026-06-25 13:30:11 [Info] 搬送指示正常完了報告POST 開始
2026-06-25 13:30:11 [Info] 搬送指示要求GET 開始
2026-06-25 13:30:11 [Info] サーバー通信状態：ON-LINE
2026-06-25 13:30:11 [Info] 搬送指示要求GET 搬送指示なし
2026-06-25 13:30:16 [Info] 搬送指示要求GET 開始
2026-06-25 13:30:16 [Info] サーバー通信状態：ON-LINE
2026-06-25 13:30:16 [Info] 搬送指示要求GET 搬送指示なし
2026-06-25 13:30:21 [Info] 搬送指示要求GET 開始
2026-06-25 13:30:21 [Info] サーバー通信状態：ON-LINE
2026-06-25 13:30:21 [Info] 搬送指示要求GET 搬送指示なし
2026-06-25 13:30:26 [Info] 搬送指示要求GET 開始
2026-06-25 13:30:26 [Info] サーバー通信状態：ON-LINE
2026-06-25 13:30:26 [Info] 搬送指示要求GET 搬送指示なし
2026-06-25 13:30:31 [Info] 搬送指示要求GET 開始
2026-06-25 13:30:31 [Info] サーバー通信状態：ON-LINE
2026-06-25 13:30:31 [Info] 搬送指示要求GET 搬送指示なし
2026-06-25 13:30:36 [Info] 搬送指示要求GET 開始
2026-06-25 13:30:36 [Info] サーバー通信状態：ON-LINE
2026-06-25 13:30:36 [Info] 搬送指示要求GET 搬送指示なし
2026-06-25 13:30:41 [Info] 搬送指示要求GET 開始
2026-06-25 13:30:41 [Info] サーバー通信状態：ON-LINE
2026-06-25 13:30:41 [Info] 搬送指示要求GET 搬送指示なし
2026-06-25 13:30:46 [Info] 搬送指示要求GET 開始
2026-06-25 13:30:46 [Info] サーバー通信状態：ON-LINE
2026-06-25 13:30:46 [Info] 搬送指示要求GET 搬送指示なし
2026-06-25 13:30:51 [Info] 搬送指示要求GET 開始
2026-06-25 13:30:51 [Info] サーバー通信状態：ON-LINE
2026-06-25 13:30:51 [Info] 搬送指示要求GET 搬送指示なし
2026-06-25 13:30:56 [Info] 搬送指示要求GET 開始
2026-06-25 13:30:56 [Info] サーバー通信状態：ON-LINE
2026-06-25 13:30:56 [Info] 搬送指示要求GET 搬送指示なし
2026-06-25 13:31:01 [Info] 搬送指示要求GET 開始
2026-06-25 13:31:01 [Info] サーバー通信状態：ON-LINE
2026-06-25 13:31:01 [Info] 搬送指示要求GET 搬送指示なし
2026-06-25 13:31:06 [Info] 搬送指示要求GET 開始
2026-06-25 13:31:06 [Info] サーバー通信状態：ON-LINE
2026-06-25 13:31:06 [Info] 搬送指示要求GET 搬送指示なし
2026-06-25 13:31:12 [Info] 搬送指示要求GET 開始
2026-06-25 13:31:12 [Info] サーバー通信状態：ON-LINE
2026-06-25 13:31:12 [Info] 搬送指示要求GET 搬送指示なし
2026-06-25 13:31:17 [Info] 搬送指示要求GET 開始
2026-06-25 13:31:17 [Info] サーバー通信状態：ON-LINE
2026-06-25 13:31:17 [Info] 搬送指示要求GET 搬送指示なし
2026-06-25 13:31:22 [Info] 搬送指示要求GET 開始
2026-06-25 13:31:22 [Info] サーバー通信状態：ON-LINE
2026-06-25 13:31:22 [Info] 搬送指示要求GET 搬送指示なし
2026-06-25 13:31:27 [Info] 搬送指示要求GET 開始
2026-06-25 13:31:27 [Info] サーバー通信状態：ON-LINE
2026-06-25 13:31:27 [Info] 搬送指示要求GET 搬送指示なし
2026-06-25 13:31:32 [Info] 搬送指示要求GET 開始
2026-06-25 13:31:32 [Info] サーバー通信状態：ON-LINE
2026-06-25 13:31:32 [Info] 搬送指示要求GET 搬送指示なし
2026-06-25 13:31:34 [Info] HTTP受信 Method=POST Path=/api/shelf-system/unload
2026-06-25 13:31:34 [Info] 払出完了POST受信
2026-06-25 13:31:34 [Info] 出庫可能
2026-06-25 13:31:37 [Info] 搬送指示要求GET 開始
2026-06-25 13:31:37 [Info] サーバー通信状態：ON-LINE
2026-06-25 13:31:37 [Info] 搬送指示要求GET 搬送指示なし
2026-06-25 13:31:42 [Info] 搬送指示要求GET 開始
2026-06-25 13:31:42 [Info] サーバー通信状態：ON-LINE
2026-06-25 13:31:42 [Info] 搬送指示要求GET 搬送指示なし
2026-06-25 13:31:47 [Info] 搬送指示要求GET 開始
2026-06-25 13:31:47 [Info] サーバー通信状態：ON-LINE
2026-06-25 13:31:47 [Info] 搬送指示要求GET 搬送指示なし
2026-06-25 13:31:52 [Info] 搬送指示要求GET 開始
2026-06-25 13:31:52 [Info] サーバー通信状態：ON-LINE
2026-06-25 13:31:52 [Info] 指示実行状態：ACTIVE
2026-06-25 13:31:52 [Info] 動作状態：BUSY
2026-06-25 13:31:52 [Info] 搬送指示開始報告POST 開始
2026-06-25 13:31:52 [Info] 搬送指示要求GET 搬送指示受信
2026-06-25 13:31:56 [Info] 正常完了選択
2026-06-25 13:31:56 [Info] 指示実行状態：IDLE
2026-06-25 13:31:56 [Info] 動作状態：STOP
2026-06-25 13:31:56 [Info] 搬送指示正常完了報告POST 開始
2026-06-25 13:31:56 [Info] 搬送指示要求GET 開始
2026-06-25 13:31:56 [Info] サーバー通信状態：ON-LINE
2026-06-25 13:31:56 [Info] 搬送指示要求GET 搬送指示なし
2026-06-25 13:32:01 [Info] 搬送指示要求GET 開始
2026-06-25 13:32:01 [Info] サーバー通信状態：ON-LINE
2026-06-25 13:32:01 [Info] 搬送指示要求GET 搬送指示なし
2026-06-25 13:32:06 [Info] 搬送指示要求GET 開始
2026-06-25 13:32:07 [Info] サーバー通信状態：ON-LINE
2026-06-25 13:32:07 [Info] 搬送指示要求GET 搬送指示なし
2026-06-25 13:32:12 [Info] 搬送指示要求GET 開始
2026-06-25 13:32:12 [Info] サーバー通信状態：ON-LINE
2026-06-25 13:32:12 [Info] 搬送指示要求GET 搬送指示なし
2026-06-25 13:32:17 [Info] 搬送指示要求GET 開始
2026-06-25 13:32:17 [Info] サーバー通信状態：ON-LINE
2026-06-25 13:32:17 [Info] 搬送指示要求GET 搬送指示なし
2026-06-25 13:32:22 [Info] 搬送指示要求GET 開始
2026-06-25 13:32:22 [Info] サーバー通信状態：ON-LINE
2026-06-25 13:32:22 [Info] 搬送指示要求GET 搬送指示なし
2026-06-25 13:32:27 [Info] 搬送指示要求GET 開始
2026-06-25 13:32:27 [Info] サーバー通信状態：ON-LINE
2026-06-25 13:32:27 [Info] 搬送指示要求GET 搬送指示なし
2026-06-25 13:32:32 [Info] 搬送指示要求GET 開始
2026-06-25 13:32:32 [Info] サーバー通信状態：ON-LINE
2026-06-25 13:32:32 [Info] 搬送指示要求GET 搬送指示なし
2026-06-25 13:32:37 [Info] 搬送指示要求GET 開始
2026-06-25 13:32:37 [Info] サーバー通信状態：ON-LINE
2026-06-25 13:32:37 [Info] 搬送指示要求GET 搬送指示なし
2026-06-25 13:32:42 [Info] 搬送指示要求GET 開始
2026-06-25 13:32:42 [Info] サーバー通信状態：ON-LINE
2026-06-25 13:32:42 [Info] 搬送指示要求GET 搬送指示なし
2026-06-25 13:32:47 [Info] 搬送指示要求GET 開始
2026-06-25 13:32:47 [Info] サーバー通信状態：ON-LINE
2026-06-25 13:32:47 [Info] 搬送指示要求GET 搬送指示なし
2026-06-25 13:32:52 [Info] 搬送指示要求GET 開始
2026-06-25 13:32:52 [Info] サーバー通信状態：ON-LINE
2026-06-25 13:32:52 [Info] 搬送指示要求GET 搬送指示なし
2026-06-25 13:32:57 [Info] 搬送指示要求GET 開始
2026-06-25 13:32:57 [Info] サーバー通信状態：ON-LINE
2026-06-25 13:32:57 [Info] 搬送指示要求GET 搬送指示なし
2026-06-25 13:33:02 [Info] 搬送指示要求GET 開始
2026-06-25 13:33:02 [Info] サーバー通信状態：ON-LINE
2026-06-25 13:33:02 [Info] 搬送指示要求GET 搬送指示なし
2026-06-25 13:33:07 [Info] 搬送指示要求GET 開始
2026-06-25 13:33:07 [Info] サーバー通信状態：ON-LINE
2026-06-25 13:33:07 [Info] 搬送指示要求GET 搬送指示なし
2026-06-25 13:33:12 [Info] 搬送指示要求GET 開始
2026-06-25 13:33:12 [Info] サーバー通信状態：ON-LINE
2026-06-25 13:33:12 [Info] 搬送指示要求GET 搬送指示なし
2026-06-25 13:33:17 [Info] 搬送指示要求GET 開始
2026-06-25 13:33:17 [Info] サーバー通信状態：ON-LINE
2026-06-25 13:33:17 [Info] 搬送指示要求GET 搬送指示なし
2026-06-25 13:33:22 [Info] 搬送指示要求GET 開始
2026-06-25 13:33:22 [Info] サーバー通信状態：ON-LINE
2026-06-25 13:33:22 [Info] 搬送指示要求GET 搬送指示なし
2026-06-25 13:33:27 [Info] 搬送指示要求GET 開始
2026-06-25 13:33:27 [Info] サーバー通信状態：ON-LINE
2026-06-25 13:33:27 [Info] 搬送指示要求GET 搬送指示なし
2026-06-25 13:33:32 [Info] 搬送指示要求GET 開始
2026-06-25 13:33:32 [Info] サーバー通信状態：ON-LINE
2026-06-25 13:33:32 [Info] 搬送指示要求GET 搬送指示なし
2026-06-25 13:33:37 [Info] 搬送指示要求GET 開始
2026-06-25 13:33:37 [Info] サーバー通信状態：ON-LINE
2026-06-25 13:33:37 [Info] 搬送指示要求GET 搬送指示なし
2026-06-25 13:33:42 [Info] 搬送指示要求GET 開始
2026-06-25 13:33:42 [Info] サーバー通信状態：ON-LINE
2026-06-25 13:33:42 [Info] 搬送指示要求GET 搬送指示なし
2026-06-25 13:33:47 [Info] 搬送指示要求GET 開始
2026-06-25 13:33:47 [Info] サーバー通信状態：ON-LINE
2026-06-25 13:33:47 [Info] 搬送指示要求GET 搬送指示なし
2026-06-25 13:33:52 [Info] 搬送指示要求GET 開始
2026-06-25 13:33:52 [Info] サーバー通信状態：ON-LINE
2026-06-25 13:33:52 [Info] 搬送指示要求GET 搬送指示なし
2026-06-25 13:33:57 [Info] 搬送指示要求GET 開始
2026-06-25 13:33:57 [Info] サーバー通信状態：ON-LINE
2026-06-25 13:33:57 [Info] 搬送指示要求GET 搬送指示なし
2026-06-25 13:34:02 [Info] 搬送指示要求GET 開始
2026-06-25 13:34:02 [Info] サーバー通信状態：ON-LINE
2026-06-25 13:34:02 [Info] 搬送指示要求GET 搬送指示なし
2026-06-25 13:34:07 [Info] 搬送指示要求GET 開始
2026-06-25 13:34:07 [Info] サーバー通信状態：ON-LINE
2026-06-25 13:34:07 [Info] 搬送指示要求GET 搬送指示なし
2026-06-25 13:34:12 [Info] 搬送指示要求GET 開始
2026-06-25 13:34:12 [Info] サーバー通信状態：ON-LINE
2026-06-25 13:34:12 [Info] 搬送指示要求GET 搬送指示なし
2026-06-25 13:34:17 [Info] 搬送指示要求GET 開始
2026-06-25 13:34:17 [Info] サーバー通信状態：ON-LINE
2026-06-25 13:34:17 [Info] 搬送指示要求GET 搬送指示なし
2026-06-25 13:34:22 [Info] 搬送指示要求GET 開始
2026-06-25 13:34:22 [Info] サーバー通信状態：ON-LINE
2026-06-25 13:34:22 [Info] 搬送指示要求GET 搬送指示なし
2026-06-25 13:34:27 [Info] 搬送指示要求GET 開始
2026-06-25 13:34:30 [Error] 搬送指示要求GET例外
2026-06-25 13:34:30 [Info] サーバー通信状態：OFF-LINE
2026-06-25 13:34:30 [Info] 異常状態：ALARM
2026-06-25 13:34:30 [Info] 動作状態：STOP
2026-06-25 13:34:30 [Error] 搬送指示要求GET 失敗
2026-06-25 13:34:35 [Info] 搬送指示要求GET 開始
2026-06-25 13:34:38 [Error] 搬送指示要求GET例外
2026-06-25 13:34:38 [Info] サーバー通信状態：OFF-LINE
2026-06-25 13:34:38 [Info] 異常状態：ALARM
2026-06-25 13:34:38 [Info] 動作状態：STOP
2026-06-25 13:34:38 [Error] 搬送指示要求GET 失敗
2026-06-25 13:34:43 [Info] 搬送指示要求GET 開始
2026-06-25 13:34:46 [Error] 搬送指示要求GET例外
2026-06-25 13:34:46 [Info] サーバー通信状態：OFF-LINE
2026-06-25 13:34:46 [Info] 異常状態：ALARM
2026-06-25 13:34:46 [Info] 動作状態：STOP
2026-06-25 13:34:46 [Error] 搬送指示要求GET 失敗
2026-06-25 13:34:51 [Info] 搬送指示要求GET 開始
2026-06-25 13:34:54 [Error] 搬送指示要求GET例外
2026-06-25 13:34:54 [Info] サーバー通信状態：OFF-LINE
2026-06-25 13:34:54 [Info] 異常状態：ALARM
2026-06-25 13:34:54 [Info] 動作状態：STOP
2026-06-25 13:34:54 [Error] 搬送指示要求GET 失敗
2026-06-25 13:34:59 [Info] 搬送指示要求GET 開始
2026-06-25 13:35:02 [Error] 搬送指示要求GET例外
2026-06-25 13:35:02 [Info] サーバー通信状態：OFF-LINE
2026-06-25 13:35:02 [Info] 異常状態：ALARM
2026-06-25 13:35:02 [Info] 動作状態：STOP
2026-06-25 13:35:02 [Error] 搬送指示要求GET 失敗
2026-06-25 13:35:07 [Info] 搬送指示要求GET 開始
2026-06-25 13:35:10 [Error] 搬送指示要求GET例外
2026-06-25 13:35:10 [Info] サーバー通信状態：OFF-LINE
2026-06-25 13:35:10 [Info] 異常状態：ALARM
2026-06-25 13:35:10 [Info] 動作状態：STOP
2026-06-25 13:35:10 [Error] 搬送指示要求GET 失敗
2026-06-25 13:35:15 [Info] 搬送指示要求GET 開始
2026-06-25 13:35:18 [Error] 搬送指示要求GET例外
2026-06-25 13:35:18 [Info] サーバー通信状態：OFF-LINE
2026-06-25 13:35:18 [Info] 異常状態：ALARM
2026-06-25 13:35:18 [Info] 動作状態：STOP
2026-06-25 13:35:18 [Error] 搬送指示要求GET 失敗
2026-06-25 13:35:23 [Info] 搬送指示要求GET 開始
2026-06-25 13:35:27 [Error] 搬送指示要求GET例外
2026-06-25 13:35:27 [Info] サーバー通信状態：OFF-LINE
2026-06-25 13:35:27 [Info] 異常状態：ALARM
2026-06-25 13:35:27 [Info] 動作状態：STOP
2026-06-25 13:35:27 [Error] 搬送指示要求GET 失敗
2026-06-25 13:35:32 [Info] 搬送指示要求GET 開始
2026-06-25 13:38:07 [Info] ========== 保管設備起動 ==========
2026-06-25 13:38:07 [Info] 設備HTTPリスナー開始
2026-06-25 13:38:07 [Info] サーバー通信状態：OFF-LINE
2026-06-25 13:38:07 [Info] 指示実行状態：IDLE
2026-06-25 13:38:07 [Info] 異常状態：NO ALARM
2026-06-25 13:38:07 [Info] 動作状態：STOP
2026-06-25 13:38:07 [Info] 出庫可能状態
2026-06-25 13:38:07 [Info] 設備ONLINE報告POST 開始
2026-06-25 13:38:11 [Error] POST例外 URL=/api/shelf-system/online
2026-06-25 13:38:11 [Info] 搬送指示要求GET 開始
2026-06-25 14:00:57 [Info] ========== 保管設備起動 ==========
2026-06-25 14:00:57 [Info] 設備HTTPリスナー開始
2026-06-25 14:00:57 [Info] サーバー通信状態：OFF-LINE
2026-06-25 14:00:57 [Info] 指示実行状態：IDLE
2026-06-25 14:00:57 [Info] 異常状態：NO ALARM
2026-06-25 14:00:57 [Info] 動作状態：STOP
2026-06-25 14:00:57 [Info] 出庫可能状態
2026-06-25 14:00:57 [Info] 設備ONLINE報告POST 開始
2026-06-25 14:01:01 [Error] POST例外 URL=/api/shelf-system/online
2026-06-25 14:01:01 [Info] 搬送指示要求GET 開始
2026-06-25 14:01:04 [Error] 搬送指示要求GET例外
2026-06-25 14:01:04 [Info] サーバー通信状態：OFF-LINE
2026-06-25 14:01:04 [Info] 異常状態：ALARM
2026-06-25 14:01:04 [Info] 動作状態：STOP
2026-06-25 14:01:04 [Error] 搬送指示要求GET 失敗
2026-06-25 14:01:09 [Info] 搬送指示要求GET 開始
2026-06-25 14:01:12 [Error] 搬送指示要求GET例外
2026-06-25 14:01:12 [Info] サーバー通信状態：OFF-LINE
2026-06-25 14:01:12 [Info] 異常状態：ALARM
2026-06-25 14:01:12 [Info] 動作状態：STOP
2026-06-25 14:01:12 [Error] 搬送指示要求GET 失敗
2026-06-25 14:01:17 [Info] 搬送指示要求GET 開始
2026-06-25 14:01:20 [Error] 搬送指示要求GET例外
2026-06-25 14:01:20 [Info] サーバー通信状態：OFF-LINE
2026-06-25 14:01:20 [Info] 異常状態：ALARM
2026-06-25 14:01:20 [Info] 動作状態：STOP
2026-06-25 14:01:20 [Error] 搬送指示要求GET 失敗
2026-06-25 14:01:25 [Info] 搬送指示要求GET 開始
2026-06-25 14:01:28 [Error] 搬送指示要求GET例外
2026-06-25 14:01:28 [Info] サーバー通信状態：OFF-LINE
2026-06-25 14:01:28 [Info] 異常状態：ALARM
2026-06-25 14:01:28 [Info] 動作状態：STOP
2026-06-25 14:01:28 [Error] 搬送指示要求GET 失敗
2026-06-25 14:01:33 [Info] 搬送指示要求GET 開始
2026-06-25 14:01:36 [Error] 搬送指示要求GET例外
2026-06-25 14:01:36 [Info] サーバー通信状態：OFF-LINE
2026-06-25 14:01:36 [Info] 異常状態：ALARM
2026-06-25 14:01:36 [Info] 動作状態：STOP
2026-06-25 14:01:36 [Error] 搬送指示要求GET 失敗
2026-06-25 14:01:39 [Info] HTTP受信 Method=GET Path=/api/shelf-system/status
2026-06-25 14:01:39 [Info] EQP状態取得GET受信
2026-06-25 14:01:41 [Info] 搬送指示要求GET 開始
2026-06-25 14:01:42 [Info] サーバー通信状態：ON-LINE
2026-06-25 14:01:42 [Info] 搬送指示要求GET 搬送指示なし
2026-06-25 14:01:47 [Info] 搬送指示要求GET 開始
2026-06-25 14:01:47 [Info] サーバー通信状態：ON-LINE
2026-06-25 14:01:47 [Info] 搬送指示要求GET 搬送指示なし
2026-06-25 14:01:52 [Info] 異常状態：NO ALARM
2026-06-25 14:01:52 [Info] 動作状態：STOP
2026-06-25 14:01:52 [Info] 異常解除報告POST 開始
2026-06-25 14:01:52 [Info] 搬送指示要求GET 開始
2026-06-25 14:01:52 [Info] サーバー通信状態：ON-LINE
2026-06-25 14:01:52 [Info] 搬送指示要求GET 搬送指示なし
2026-06-25 14:01:57 [Info] 搬送指示要求GET 開始
2026-06-25 14:01:57 [Info] サーバー通信状態：ON-LINE
2026-06-25 14:01:57 [Info] 搬送指示要求GET 搬送指示なし
2026-06-25 14:02:02 [Info] 搬送指示要求GET 開始
2026-06-25 14:02:02 [Info] サーバー通信状態：ON-LINE
2026-06-25 14:02:02 [Info] 搬送指示要求GET 搬送指示なし
2026-06-25 14:02:07 [Info] 搬送指示要求GET 開始
2026-06-25 14:02:07 [Info] サーバー通信状態：ON-LINE
2026-06-25 14:02:07 [Info] 搬送指示要求GET 搬送指示なし
2026-06-25 14:02:12 [Info] 搬送指示要求GET 開始
2026-06-25 14:02:12 [Info] サーバー通信状態：ON-LINE
2026-06-25 14:02:12 [Info] 搬送指示要求GET 搬送指示なし
2026-06-25 14:02:17 [Info] 搬送指示要求GET 開始
2026-06-25 14:02:17 [Info] サーバー通信状態：ON-LINE
2026-06-25 14:02:17 [Info] 搬送指示要求GET 搬送指示なし
2026-06-25 14:02:22 [Info] 搬送指示要求GET 開始
2026-06-25 14:02:22 [Info] サーバー通信状態：ON-LINE
2026-06-25 14:02:22 [Info] 搬送指示要求GET 搬送指示なし
2026-06-25 14:02:27 [Info] 搬送指示要求GET 開始
2026-06-25 14:02:27 [Info] サーバー通信状態：ON-LINE
2026-06-25 14:02:27 [Info] 搬送指示要求GET 搬送指示なし
2026-06-25 14:02:32 [Info] 搬送指示要求GET 開始
2026-06-25 14:02:32 [Info] サーバー通信状態：ON-LINE
2026-06-25 14:02:32 [Info] 搬送指示要求GET 搬送指示なし
2026-06-25 14:02:37 [Info] 搬送指示要求GET 開始
2026-06-25 14:02:37 [Info] サーバー通信状態：ON-LINE
2026-06-25 14:02:37 [Info] 搬送指示要求GET 搬送指示なし
2026-06-25 14:02:42 [Info] 搬送指示要求GET 開始
2026-06-25 14:02:42 [Info] サーバー通信状態：ON-LINE
2026-06-25 14:02:42 [Info] 指示実行状態：ACTIVE
2026-06-25 14:02:42 [Info] 動作状態：BUSY
2026-06-25 14:02:42 [Info] 搬送指示開始報告POST 開始
2026-06-25 14:02:42 [Info] 搬送指示要求GET 搬送指示受信
2026-06-25 14:02:47 [Info] 正常完了選択
2026-06-25 14:02:47 [Info] 指示実行状態：IDLE
2026-06-25 14:02:47 [Info] 動作状態：STOP
2026-06-25 14:02:47 [Info] 搬送指示正常完了報告POST 開始
2026-06-25 14:02:47 [Info] 搬送指示要求GET 開始
2026-06-25 14:02:47 [Info] サーバー通信状態：ON-LINE
2026-06-25 14:02:47 [Info] 搬送指示要求GET 搬送指示なし
2026-06-25 14:02:52 [Info] 搬送指示要求GET 開始
2026-06-25 14:02:52 [Info] サーバー通信状態：ON-LINE
2026-06-25 14:02:52 [Info] 搬送指示要求GET 搬送指示なし
2026-06-25 14:02:57 [Info] 搬送指示要求GET 開始
2026-06-25 14:02:57 [Info] サーバー通信状態：ON-LINE
2026-06-25 14:02:57 [Info] 搬送指示要求GET 搬送指示なし
2026-06-25 14:03:02 [Info] 搬送指示要求GET 開始
2026-06-25 14:03:02 [Info] サーバー通信状態：ON-LINE
2026-06-25 14:03:02 [Info] 搬送指示要求GET 搬送指示なし
2026-06-25 14:03:07 [Info] 搬送指示要求GET 開始
2026-06-25 14:03:07 [Info] サーバー通信状態：ON-LINE
2026-06-25 14:03:07 [Info] 搬送指示要求GET 搬送指示なし
2026-06-25 14:03:12 [Info] 搬送指示要求GET 開始
2026-06-25 14:03:12 [Info] サーバー通信状態：ON-LINE
2026-06-25 14:03:12 [Info] 搬送指示要求GET 搬送指示なし
2026-06-25 14:03:17 [Info] 搬送指示要求GET 開始
2026-06-25 14:03:17 [Info] サーバー通信状態：ON-LINE
2026-06-25 14:03:17 [Info] 搬送指示要求GET 搬送指示なし
2026-06-25 14:03:22 [Info] 搬送指示要求GET 開始
2026-06-25 14:03:22 [Info] サーバー通信状態：ON-LINE
2026-06-25 14:03:22 [Info] 搬送指示要求GET 搬送指示なし
2026-06-25 14:03:27 [Info] 搬送指示要求GET 開始
2026-06-25 14:03:27 [Info] サーバー通信状態：ON-LINE
2026-06-25 14:03:27 [Info] 搬送指示要求GET 搬送指示なし
2026-06-25 14:03:32 [Info] 搬送指示要求GET 開始
2026-06-25 14:03:32 [Info] サーバー通信状態：ON-LINE
2026-06-25 14:03:32 [Info] 搬送指示要求GET 搬送指示なし
2026-06-25 14:03:37 [Info] 搬送指示要求GET 開始
2026-06-25 14:03:37 [Info] サーバー通信状態：ON-LINE
2026-06-25 14:03:37 [Info] 搬送指示要求GET 搬送指示なし
2026-06-25 14:03:42 [Info] 搬送指示要求GET 開始
2026-06-25 14:03:42 [Info] サーバー通信状態：ON-LINE
2026-06-25 14:03:42 [Info] 搬送指示要求GET 搬送指示なし
2026-06-25 14:03:48 [Info] 搬送指示要求GET 開始
2026-06-25 14:03:48 [Info] サーバー通信状態：ON-LINE
2026-06-25 14:03:48 [Info] 搬送指示要求GET 搬送指示なし
2026-06-25 14:03:53 [Info] 搬送指示要求GET 開始
2026-06-25 14:03:53 [Info] サーバー通信状態：ON-LINE
2026-06-25 14:03:53 [Info] 搬送指示要求GET 搬送指示なし
2026-06-25 14:03:58 [Info] 搬送指示要求GET 開始
2026-06-25 14:03:58 [Info] サーバー通信状態：ON-LINE
2026-06-25 14:03:58 [Info] 搬送指示要求GET 搬送指示なし
2026-06-25 14:04:03 [Info] 搬送指示要求GET 開始
2026-06-25 14:04:03 [Info] サーバー通信状態：ON-LINE
2026-06-25 14:04:03 [Info] 搬送指示要求GET 搬送指示なし
2026-06-25 14:04:08 [Info] 搬送指示要求GET 開始
2026-06-25 14:04:08 [Info] サーバー通信状態：ON-LINE
2026-06-25 14:04:08 [Info] 搬送指示要求GET 搬送指示なし
2026-06-25 14:04:13 [Info] 搬送指示要求GET 開始
2026-06-25 14:04:13 [Info] サーバー通信状態：ON-LINE
2026-06-25 14:04:13 [Info] 搬送指示要求GET 搬送指示なし
2026-06-25 14:04:18 [Info] 搬送指示要求GET 開始
2026-06-25 14:04:18 [Info] サーバー通信状態：ON-LINE
2026-06-25 14:04:18 [Info] 搬送指示要求GET 搬送指示なし
2026-06-25 14:04:23 [Info] 搬送指示要求GET 開始
2026-06-25 14:04:23 [Info] サーバー通信状態：ON-LINE
2026-06-25 14:04:23 [Info] 搬送指示要求GET 搬送指示なし
2026-06-25 14:04:28 [Info] 搬送指示要求GET 開始
2026-06-25 14:04:28 [Info] サーバー通信状態：ON-LINE
2026-06-25 14:04:28 [Info] 搬送指示要求GET 搬送指示なし
2026-06-25 14:04:33 [Info] 搬送指示要求GET 開始
2026-06-25 14:04:33 [Info] サーバー通信状態：ON-LINE
2026-06-25 14:04:33 [Info] 搬送指示要求GET 搬送指示なし
2026-06-25 14:04:38 [Info] 搬送指示要求GET 開始
2026-06-25 14:04:38 [Info] サーバー通信状態：ON-LINE
2026-06-25 14:04:38 [Info] 搬送指示要求GET 搬送指示なし
2026-06-25 14:04:43 [Info] 搬送指示要求GET 開始
2026-06-25 14:04:43 [Info] サーバー通信状態：ON-LINE
2026-06-25 14:04:43 [Info] 搬送指示要求GET 搬送指示なし
2026-06-25 14:04:48 [Info] 搬送指示要求GET 開始
2026-06-25 14:04:48 [Info] サーバー通信状態：ON-LINE
2026-06-25 14:04:48 [Info] 搬送指示要求GET 搬送指示なし
2026-06-25 14:04:53 [Info] 搬送指示要求GET 開始
2026-06-25 14:04:53 [Info] サーバー通信状態：ON-LINE
2026-06-25 14:04:53 [Info] 搬送指示要求GET 搬送指示なし
2026-06-25 14:04:58 [Info] 搬送指示要求GET 開始
2026-06-25 14:05:01 [Error] 搬送指示要求GET例外
2026-06-25 14:05:01 [Info] サーバー通信状態：OFF-LINE
2026-06-25 14:05:01 [Info] 異常状態：ALARM
2026-06-25 14:05:01 [Info] 動作状態：STOP
2026-06-25 14:05:01 [Error] 搬送指示要求GET 失敗
2026-06-25 14:05:06 [Info] 搬送指示要求GET 開始
2026-06-25 14:05:09 [Error] 搬送指示要求GET例外
2026-06-25 14:05:09 [Info] サーバー通信状態：OFF-LINE
2026-06-25 14:05:09 [Info] 異常状態：ALARM
2026-06-25 14:05:09 [Info] 動作状態：STOP
2026-06-25 14:05:09 [Error] 搬送指示要求GET 失敗
