2026-06-25 14:00:57 [Info] ========== 保管設備起動 ==========
2026-06-25 14:00:57 [Info] 設備HTTPリスナー開始
2026-06-25 14:00:57 [Info] サーバー通信状態：OFF-LINE
2026-06-25 14:00:57 [Info] 指示実行状態：IDLE
2026-06-25 14:00:57 [Info] 異常状態：NO ALARM
2026-06-25 14:00:57 [Info] 動作状態：STOP
2026-06-25 14:00:57 [Info] 出庫可能状態
2026-06-25 14:00:57 [Info] 設備ONLINE報告POST 開始
2026-06-25 14:01:01 [Error] POST例外 URL=/api/shelf-system/online
2026-06-25 14:01:01 [Info] 搬送指示要求GET 開始
2026-06-25 14:01:04 [Error] 搬送指示要求GET例外
2026-06-25 14:01:04 [Info] サーバー通信状態：OFF-LINE
2026-06-25 14:01:04 [Info] 異常状態：ALARM
2026-06-25 14:01:04 [Info] 動作状態：STOP
2026-06-25 14:01:04 [Error] 搬送指示要求GET 失敗
2026-06-25 14:01:09 [Info] 搬送指示要求GET 開始
2026-06-25 14:01:12 [Error] 搬送指示要求GET例外
2026-06-25 14:01:12 [Info] サーバー通信状態：OFF-LINE
2026-06-25 14:01:12 [Info] 異常状態：ALARM
2026-06-25 14:01:12 [Info] 動作状態：STOP
2026-06-25 14:01:12 [Error] 搬送指示要求GET 失敗
2026-06-25 14:01:17 [Info] 搬送指示要求GET 開始
2026-06-25 14:01:20 [Error] 搬送指示要求GET例外
2026-06-25 14:01:20 [Info] サーバー通信状態：OFF-LINE
2026-06-25 14:01:20 [Info] 異常状態：ALARM
2026-06-25 14:01:20 [Info] 動作状態：STOP
2026-06-25 14:01:20 [Error] 搬送指示要求GET 失敗
2026-06-25 14:01:25 [Info] 搬送指示要求GET 開始
2026-06-25 14:01:28 [Error] 搬送指示要求GET例外
2026-06-25 14:01:28 [Info] サーバー通信状態：OFF-LINE
2026-06-25 14:01:28 [Info] 異常状態：ALARM
2026-06-25 14:01:28 [Info] 動作状態：STOP
2026-06-25 14:01:28 [Error] 搬送指示要求GET 失敗
2026-06-25 14:01:33 [Info] 搬送指示要求GET 開始
2026-06-25 14:01:36 [Error] 搬送指示要求GET例外
2026-06-25 14:01:36 [Info] サーバー通信状態：OFF-LINE
2026-06-25 14:01:36 [Info] 異常状態：ALARM
2026-06-25 14:01:36 [Info] 動作状態：STOP
2026-06-25 14:01:36 [Error] 搬送指示要求GET 失敗
2026-06-25 14:01:39 [Info] HTTP受信 Method=GET Path=/api/shelf-system/status
2026-06-25 14:01:39 [Info] EQP状態取得GET受信
2026-06-25 14:01:41 [Info] 搬送指示要求GET 開始
2026-06-25 14:01:42 [Info] サーバー通信状態：ON-LINE
2026-06-25 14:01:42 [Info] 搬送指示要求GET 搬送指示なし
2026-06-25 14:01:47 [Info] 搬送指示要求GET 開始
2026-06-25 14:01:47 [Info] サーバー通信状態：ON-LINE
2026-06-25 14:01:47 [Info] 搬送指示要求GET 搬送指示なし
2026-06-25 14:01:52 [Info] 異常状態：NO ALARM
2026-06-25 14:01:52 [Info] 動作状態：STOP
2026-06-25 14:01:52 [Info] 異常解除報告POST 開始
2026-06-25 14:01:52 [Info] 搬送指示要求GET 開始
2026-06-25 14:01:52 [Info] サーバー通信状態：ON-LINE
2026-06-25 14:01:52 [Info] 搬送指示要求GET 搬送指示なし
2026-06-25 14:01:57 [Info] 搬送指示要求GET 開始
2026-06-25 14:01:57 [Info] サーバー通信状態：ON-LINE
2026-06-25 14:01:57 [Info] 搬送指示要求GET 搬送指示なし
2026-06-25 14:02:02 [Info] 搬送指示要求GET 開始
2026-06-25 14:02:02 [Info] サーバー通信状態：ON-LINE
2026-06-25 14:02:02 [Info] 搬送指示要求GET 搬送指示なし
2026-06-25 14:02:07 [Info] 搬送指示要求GET 開始
2026-06-25 14:02:07 [Info] サーバー通信状態：ON-LINE
2026-06-25 14:02:07 [Info] 搬送指示要求GET 搬送指示なし
2026-06-25 14:02:12 [Info] 搬送指示要求GET 開始
2026-06-25 14:02:12 [Info] サーバー通信状態：ON-LINE
2026-06-25 14:02:12 [Info] 搬送指示要求GET 搬送指示なし
2026-06-25 14:02:17 [Info] 搬送指示要求GET 開始
2026-06-25 14:02:17 [Info] サーバー通信状態：ON-LINE
2026-06-25 14:02:17 [Info] 搬送指示要求GET 搬送指示なし
2026-06-25 14:02:22 [Info] 搬送指示要求GET 開始
2026-06-25 14:02:22 [Info] サーバー通信状態：ON-LINE
2026-06-25 14:02:22 [Info] 搬送指示要求GET 搬送指示なし
2026-06-25 14:02:27 [Info] 搬送指示要求GET 開始
2026-06-25 14:02:27 [Info] サーバー通信状態：ON-LINE
2026-06-25 14:02:27 [Info] 搬送指示要求GET 搬送指示なし
2026-06-25 14:02:32 [Info] 搬送指示要求GET 開始
2026-06-25 14:02:32 [Info] サーバー通信状態：ON-LINE
2026-06-25 14:02:32 [Info] 搬送指示要求GET 搬送指示なし
2026-06-25 14:02:37 [Info] 搬送指示要求GET 開始
2026-06-25 14:02:37 [Info] サーバー通信状態：ON-LINE
2026-06-25 14:02:37 [Info] 搬送指示要求GET 搬送指示なし
2026-06-25 14:02:42 [Info] 搬送指示要求GET 開始
2026-06-25 14:02:42 [Info] サーバー通信状態：ON-LINE
2026-06-25 14:02:42 [Info] 搬送指示要求GET 搬送指示なし
2026-06-25 14:02:47 [Info] 搬送指示要求GET 開始
2026-06-25 14:02:47 [Info] サーバー通信状態：ON-LINE
2026-06-25 14:02:47 [Info] 指示実行状態：ACTIVE
2026-06-25 14:02:47 [Info] 動作状態：BUSY
2026-06-25 14:02:47 [Info] 搬送指示開始報告POST 開始
2026-06-25 14:02:47 [Info] 搬送指示要求GET 搬送指示受信
2026-06-25 14:02:52 [Info] 正常完了選択
2026-06-25 14:02:52 [Info] 指示実行状態：IDLE
2026-06-25 14:02:52 [Info] 動作状態：STOP
2026-06-25 14:02:52 [Info] 搬送指示正常完了報告POST 開始
2026-06-25 14:02:52 [Info] 搬送指示要求GET 開始
2026-06-25 14:02:52 [Info] サーバー通信状態：ON-LINE
2026-06-25 14:02:52 [Info] 搬送指示要求GET 搬送指示なし
2026-06-25 14:02:57 [Info] 搬送指示要求GET 開始
2026-06-25 14:02:57 [Info] サーバー通信状態：ON-LINE
2026-06-25 14:02:57 [Info] 搬送指示要求GET 搬送指示なし
2026-06-25 14:03:02 [Info] 搬送指示要求GET 開始
2026-06-25 14:03:02 [Info] サーバー通信状態：ON-LINE
2026-06-25 14:03:02 [Info] 搬送指示要求GET 搬送指示なし
2026-06-25 14:03:07 [Info] 搬送指示要求GET 開始
2026-06-25 14:03:07 [Info] サーバー通信状態：ON-LINE
2026-06-25 14:03:07 [Info] 搬送指示要求GET 搬送指示なし
2026-06-25 14:03:12 [Info] 搬送指示要求GET 開始
2026-06-25 14:03:12 [Info] サーバー通信状態：ON-LINE
2026-06-25 14:03:12 [Info] 搬送指示要求GET 搬送指示なし
2026-06-25 14:03:17 [Info] 搬送指示要求GET 開始
2026-06-25 14:03:17 [Info] サーバー通信状態：ON-LINE
2026-06-25 14:03:17 [Info] 搬送指示要求GET 搬送指示なし
2026-06-25 14:03:22 [Info] 搬送指示要求GET 開始
2026-06-25 14:03:22 [Info] サーバー通信状態：ON-LINE
2026-06-25 14:03:22 [Info] 搬送指示要求GET 搬送指示なし
2026-06-25 14:03:27 [Info] 搬送指示要求GET 開始
2026-06-25 14:03:27 [Info] サーバー通信状態：ON-LINE
2026-06-25 14:03:27 [Info] 搬送指示要求GET 搬送指示なし
2026-06-25 14:03:32 [Info] 搬送指示要求GET 開始
2026-06-25 14:03:32 [Info] サーバー通信状態：ON-LINE
2026-06-25 14:03:32 [Info] 搬送指示要求GET 搬送指示なし
2026-06-25 14:03:37 [Info] 搬送指示要求GET 開始
2026-06-25 14:03:37 [Info] サーバー通信状態：ON-LINE
2026-06-25 14:03:37 [Info] 搬送指示要求GET 搬送指示なし
2026-06-25 14:03:42 [Info] 搬送指示要求GET 開始
2026-06-25 14:03:42 [Info] サーバー通信状態：ON-LINE
2026-06-25 14:03:42 [Info] 搬送指示要求GET 搬送指示なし
2026-06-25 14:03:47 [Info] 搬送指示要求GET 開始
2026-06-25 14:03:47 [Info] サーバー通信状態：ON-LINE
2026-06-25 14:03:47 [Info] 搬送指示要求GET 搬送指示なし
2026-06-25 14:03:52 [Info] 搬送指示要求GET 開始
2026-06-25 14:03:52 [Info] サーバー通信状態：ON-LINE
2026-06-25 14:03:52 [Info] 搬送指示要求GET 搬送指示なし
2026-06-25 14:03:57 [Info] 搬送指示要求GET 開始
2026-06-25 14:03:57 [Info] サーバー通信状態：ON-LINE
2026-06-25 14:03:57 [Info] 搬送指示要求GET 搬送指示なし
2026-06-25 14:04:02 [Info] 搬送指示要求GET 開始
2026-06-25 14:04:02 [Info] サーバー通信状態：ON-LINE
2026-06-25 14:04:02 [Info] 搬送指示要求GET 搬送指示なし
2026-06-25 14:04:07 [Info] 搬送指示要求GET 開始
2026-06-25 14:04:07 [Info] サーバー通信状態：ON-LINE
2026-06-25 14:04:07 [Info] 搬送指示要求GET 搬送指示なし
2026-06-25 14:04:12 [Info] 搬送指示要求GET 開始
2026-06-25 14:04:12 [Info] サーバー通信状態：ON-LINE
2026-06-25 14:04:12 [Info] 搬送指示要求GET 搬送指示なし
2026-06-25 14:04:17 [Info] 搬送指示要求GET 開始
2026-06-25 14:04:17 [Info] サーバー通信状態：ON-LINE
2026-06-25 14:04:17 [Info] 搬送指示要求GET 搬送指示なし
2026-06-25 14:04:22 [Info] 搬送指示要求GET 開始
2026-06-25 14:04:22 [Info] サーバー通信状態：ON-LINE
2026-06-25 14:04:22 [Info] 搬送指示要求GET 搬送指示なし
2026-06-25 14:04:27 [Info] 搬送指示要求GET 開始
2026-06-25 14:04:27 [Info] サーバー通信状態：ON-LINE
2026-06-25 14:04:27 [Info] 搬送指示要求GET 搬送指示なし
2026-06-25 14:04:32 [Info] 搬送指示要求GET 開始
2026-06-25 14:04:32 [Info] サーバー通信状態：ON-LINE
2026-06-25 14:04:32 [Info] 搬送指示要求GET 搬送指示なし
2026-06-25 14:04:37 [Info] 搬送指示要求GET 開始
2026-06-25 14:04:37 [Info] サーバー通信状態：ON-LINE
2026-06-25 14:04:37 [Info] 搬送指示要求GET 搬送指示なし
2026-06-25 14:04:42 [Info] 搬送指示要求GET 開始
2026-06-25 14:04:42 [Info] サーバー通信状態：ON-LINE
2026-06-25 14:04:42 [Info] 搬送指示要求GET 搬送指示なし
2026-06-25 14:04:47 [Info] 搬送指示要求GET 開始
2026-06-25 14:04:47 [Info] サーバー通信状態：ON-LINE
2026-06-25 14:04:47 [Info] 搬送指示要求GET 搬送指示なし
2026-06-25 14:04:52 [Info] 搬送指示要求GET 開始
2026-06-25 14:04:52 [Info] サーバー通信状態：ON-LINE
2026-06-25 14:04:52 [Info] 搬送指示要求GET 搬送指示なし
2026-06-25 14:04:57 [Info] 搬送指示要求GET 開始
2026-06-25 14:05:00 [Error] 搬送指示要求GET例外
2026-06-25 14:05:00 [Info] サーバー通信状態：OFF-LINE
2026-06-25 14:05:00 [Info] 異常状態：ALARM
2026-06-25 14:05:00 [Info] 動作状態：STOP
2026-06-25 14:05:00 [Error] 搬送指示要求GET 失敗
2026-06-25 14:05:05 [Info] 搬送指示要求GET 開始
2026-06-25 14:05:08 [Error] 搬送指示要求GET例外
2026-06-25 14:05:08 [Info] サーバー通信状態：OFF-LINE
2026-06-25 14:05:08 [Info] 異常状態：ALARM
2026-06-25 14:05:08 [Info] 動作状態：STOP
2026-06-25 14:05:08 [Error] 搬送指示要求GET 失敗
