2026-06-25 14:00:57 [Info] ========== 保管設備起動 ==========
2026-06-25 14:00:57 [Info] 設備HTTPリスナー開始
2026-06-25 14:00:57 [Info] サーバー通信状態：OFF-LINE
2026-06-25 14:00:57 [Info] 指示実行状態：IDLE
2026-06-25 14:00:57 [Info] 異常状態：NO ALARM
2026-06-25 14:00:57 [Info] 動作状態：STOP
2026-06-25 14:00:57 [Info] 出庫可能状態
2026-06-25 14:00:57 [Info] 設備ONLINE報告POST 開始
2026-06-25 14:01:01 [Error] POST例外 URL=/api/shelf-system/online
2026-06-25 14:01:01 [Info] 搬送指示要求GET 開始
2026-06-25 14:01:04 [Error] 搬送指示要求GET例外
2026-06-25 14:01:04 [Info] サーバー通信状態：OFF-LINE
2026-06-25 14:01:04 [Info] 異常状態：ALARM
2026-06-25 14:01:04 [Info] 動作状態：STOP
2026-06-25 14:01:04 [Error] 搬送指示要求GET 失敗
2026-06-25 14:01:09 [Info] 搬送指示要求GET 開始
2026-06-25 14:01:12 [Error] 搬送指示要求GET例外
2026-06-25 14:01:12 [Info] サーバー通信状態：OFF-LINE
2026-06-25 14:01:12 [Info] 異常状態：ALARM
2026-06-25 14:01:12 [Info] 動作状態：STOP
2026-06-25 14:01:12 [Error] 搬送指示要求GET 失敗
2026-06-25 14:01:17 [Info] 搬送指示要求GET 開始
2026-06-25 14:01:20 [Error] 搬送指示要求GET例外
2026-06-25 14:01:20 [Info] サーバー通信状態：OFF-LINE
2026-06-25 14:01:20 [Info] 異常状態：ALARM
2026-06-25 14:01:20 [Info] 動作状態：STOP
2026-06-25 14:01:20 [Error] 搬送指示要求GET 失敗
2026-06-25 14:01:25 [Info] 搬送指示要求GET 開始
2026-06-25 14:01:28 [Error] 搬送指示要求GET例外
2026-06-25 14:01:28 [Info] サーバー通信状態：OFF-LINE
2026-06-25 14:01:28 [Info] 異常状態：ALARM
2026-06-25 14:01:28 [Info] 動作状態：STOP
2026-06-25 14:01:28 [Error] 搬送指示要求GET 失敗
2026-06-25 14:01:33 [Info] 搬送指示要求GET 開始
2026-06-25 14:01:36 [Error] 搬送指示要求GET例外
2026-06-25 14:01:36 [Info] サーバー通信状態：OFF-LINE
2026-06-25 14:01:36 [Info] 異常状態：ALARM
2026-06-25 14:01:36 [Info] 動作状態：STOP
2026-06-25 14:01:36 [Error] 搬送指示要求GET 失敗
2026-06-25 14:01:39 [Info] HTTP受信 Method=GET Path=/api/shelf-system/status
2026-06-25 14:01:39 [Info] EQP状態取得GET受信
2026-06-25 14:01:41 [Info] 搬送指示要求GET 開始
2026-06-25 14:01:42 [Info] サーバー通信状態：ON-LINE
2026-06-25 14:01:42 [Info] 搬送指示要求GET 搬送指示なし
2026-06-25 14:01:47 [Info] 搬送指示要求GET 開始
2026-06-25 14:01:47 [Info] サーバー通信状態：ON-LINE
2026-06-25 14:01:47 [Info] 搬送指示要求GET 搬送指示なし
2026-06-25 14:01:52 [Info] 異常状態：NO ALARM
2026-06-25 14:01:52 [Info] 動作状態：STOP
2026-06-25 14:01:52 [Info] 異常解除報告POST 開始
2026-06-25 14:01:52 [Info] 搬送指示要求GET 開始
2026-06-25 14:01:52 [Info] サーバー通信状態：ON-LINE
2026-06-25 14:01:52 [Info] 搬送指示要求GET 搬送指示なし
2026-06-25 14:01:57 [Info] 搬送指示要求GET 開始
2026-06-25 14:01:57 [Info] サーバー通信状態：ON-LINE
2026-06-25 14:01:57 [Info] 搬送指示要求GET 搬送指示なし
2026-06-25 14:02:02 [Info] 搬送指示要求GET 開始
2026-06-25 14:02:02 [Info] サーバー通信状態：ON-LINE
2026-06-25 14:02:02 [Info] 搬送指示要求GET 搬送指示なし
2026-06-25 14:02:07 [Info] 搬送指示要求GET 開始
2026-06-25 14:02:07 [Info] サーバー通信状態：ON-LINE
2026-06-25 14:02:07 [Info] 搬送指示要求GET 搬送指示なし
2026-06-25 14:02:12 [Info] 搬送指示要求GET 開始
2026-06-25 14:02:12 [Info] サーバー通信状態：ON-LINE
2026-06-25 14:02:12 [Info] 搬送指示要求GET 搬送指示なし
2026-06-25 14:02:17 [Info] 搬送指示要求GET 開始
2026-06-25 14:02:17 [Info] サーバー通信状態：ON-LINE
2026-06-25 14:02:17 [Info] 搬送指示要求GET 搬送指示なし
2026-06-25 14:02:22 [Info] 搬送指示要求GET 開始
2026-06-25 14:02:22 [Info] サーバー通信状態：ON-LINE
2026-06-25 14:02:22 [Info] 搬送指示要求GET 搬送指示なし
2026-06-25 14:02:27 [Info] 搬送指示要求GET 開始
2026-06-25 14:02:27 [Info] サーバー通信状態：ON-LINE
2026-06-25 14:02:27 [Info] 搬送指示要求GET 搬送指示なし
2026-06-25 14:02:32 [Info] 搬送指示要求GET 開始
2026-06-25 14:02:32 [Info] サーバー通信状態：ON-LINE
2026-06-25 14:02:32 [Info] 搬送指示要求GET 搬送指示なし
2026-06-25 14:02:37 [Info] 搬送指示要求GET 開始
2026-06-25 14:02:37 [Info] サーバー通信状態：ON-LINE
2026-06-25 14:02:37 [Info] 搬送指示要求GET 搬送指示なし
2026-06-25 14:02:42 [Info] 搬送指示要求GET 開始
2026-06-25 14:02:42 [Info] サーバー通信状態：ON-LINE
2026-06-25 14:02:42 [Info] 搬送指示要求GET 搬送指示なし
2026-06-25 14:02:47 [Info] 搬送指示要求GET 開始
2026-06-25 14:02:47 [Info] サーバー通信状態：ON-LINE
2026-06-25 14:02:47 [Info] 搬送指示要求GET 搬送指示なし
2026-06-25 14:02:52 [Info] 搬送指示要求GET 開始
2026-06-25 14:02:52 [Info] サーバー通信状態：ON-LINE
2026-06-25 14:02:52 [Info] 指示実行状態：ACTIVE
2026-06-25 14:02:52 [Info] 動作状態：BUSY
2026-06-25 14:02:52 [Info] 搬送指示開始報告POST 開始
2026-06-25 14:02:52 [Info] 搬送指示要求GET 搬送指示受信
2026-06-25 14:02:55 [Info] 正常完了選択
2026-06-25 14:02:55 [Info] 指示実行状態：IDLE
2026-06-25 14:02:55 [Info] 動作状態：STOP
2026-06-25 14:02:55 [Info] 搬送指示正常完了報告POST 開始
2026-06-25 14:02:55 [Info] 搬送指示要求GET 開始
2026-06-25 14:02:55 [Info] サーバー通信状態：ON-LINE
2026-06-25 14:02:55 [Info] 搬送指示要求GET 搬送指示なし
2026-06-25 14:03:00 [Info] 搬送指示要求GET 開始
2026-06-25 14:03:00 [Info] サーバー通信状態：ON-LINE
2026-06-25 14:03:00 [Info] 搬送指示要求GET 搬送指示なし
2026-06-25 14:03:05 [Info] 搬送指示要求GET 開始
2026-06-25 14:03:05 [Info] サーバー通信状態：ON-LINE
2026-06-25 14:03:05 [Info] 搬送指示要求GET 搬送指示なし
2026-06-25 14:03:10 [Info] 搬送指示要求GET 開始
2026-06-25 14:03:11 [Info] サーバー通信状態：ON-LINE
2026-06-25 14:03:11 [Info] 搬送指示要求GET 搬送指示なし
2026-06-25 14:03:16 [Info] 搬送指示要求GET 開始
2026-06-25 14:03:16 [Info] サーバー通信状態：ON-LINE
2026-06-25 14:03:16 [Info] 搬送指示要求GET 搬送指示なし
2026-06-25 14:03:21 [Info] 搬送指示要求GET 開始
2026-06-25 14:03:21 [Info] サーバー通信状態：ON-LINE
2026-06-25 14:03:21 [Info] 搬送指示要求GET 搬送指示なし
2026-06-25 14:03:26 [Info] 搬送指示要求GET 開始
2026-06-25 14:03:26 [Info] サーバー通信状態：ON-LINE
2026-06-25 14:03:26 [Info] 指示実行状態：ACTIVE
2026-06-25 14:03:26 [Info] 動作状態：BUSY
2026-06-25 14:03:26 [Info] 搬送指示開始報告POST 開始
2026-06-25 14:03:26 [Info] 搬送指示要求GET 搬送指示受信
2026-06-25 14:03:30 [Info] 正常完了選択
2026-06-25 14:03:30 [Info] 出庫不可
2026-06-25 14:03:30 [Info] 指示実行状態：IDLE
2026-06-25 14:03:30 [Info] 動作状態：STOP
2026-06-25 14:03:30 [Info] 搬送指示正常完了報告POST 開始
2026-06-25 14:03:30 [Info] 搬送指示要求GET 開始
2026-06-25 14:03:30 [Info] サーバー通信状態：ON-LINE
2026-06-25 14:03:30 [Info] 搬送指示要求GET 搬送指示なし
2026-06-25 14:03:35 [Info] 搬送指示要求GET 開始
2026-06-25 14:03:35 [Info] サーバー通信状態：ON-LINE
2026-06-25 14:03:35 [Info] 搬送指示要求GET 搬送指示なし
2026-06-25 14:03:40 [Info] 搬送指示要求GET 開始
2026-06-25 14:03:40 [Info] サーバー通信状態：ON-LINE
2026-06-25 14:03:40 [Info] 搬送指示要求GET 搬送指示なし
2026-06-25 14:03:45 [Info] 搬送指示要求GET 開始
2026-06-25 14:03:46 [Info] サーバー通信状態：ON-LINE
2026-06-25 14:03:46 [Info] 搬送指示要求GET 搬送指示なし
2026-06-25 14:03:51 [Info] 搬送指示要求GET 開始
2026-06-25 14:03:51 [Info] サーバー通信状態：ON-LINE
2026-06-25 14:03:51 [Info] 搬送指示要求GET 搬送指示なし
2026-06-25 14:03:56 [Info] 搬送指示要求GET 開始
2026-06-25 14:03:56 [Info] サーバー通信状態：ON-LINE
2026-06-25 14:03:56 [Info] 搬送指示要求GET 搬送指示なし
2026-06-25 14:04:01 [Info] 搬送指示要求GET 開始
2026-06-25 14:04:01 [Info] サーバー通信状態：ON-LINE
2026-06-25 14:04:01 [Info] 搬送指示要求GET 搬送指示なし
2026-06-25 14:04:06 [Info] 搬送指示要求GET 開始
2026-06-25 14:04:06 [Info] サーバー通信状態：ON-LINE
2026-06-25 14:04:06 [Info] 搬送指示要求GET 搬送指示なし
2026-06-25 14:04:11 [Info] 搬送指示要求GET 開始
2026-06-25 14:04:11 [Info] サーバー通信状態：ON-LINE
2026-06-25 14:04:11 [Info] 搬送指示要求GET 搬送指示なし
2026-06-25 14:04:16 [Info] 搬送指示要求GET 開始
2026-06-25 14:04:16 [Info] サーバー通信状態：ON-LINE
2026-06-25 14:04:16 [Info] 搬送指示要求GET 搬送指示なし
2026-06-25 14:04:20 [Info] HTTP受信 Method=POST Path=/api/shelf-system/unload
2026-06-25 14:04:20 [Info] 払出完了POST受信
2026-06-25 14:04:20 [Info] 出庫可能
2026-06-25 14:04:21 [Info] 搬送指示要求GET 開始
2026-06-25 14:04:21 [Info] サーバー通信状態：ON-LINE
2026-06-25 14:04:21 [Info] 搬送指示要求GET 搬送指示なし
2026-06-25 14:04:26 [Info] 搬送指示要求GET 開始
2026-06-25 14:04:26 [Info] サーバー通信状態：ON-LINE
2026-06-25 14:04:26 [Info] 搬送指示要求GET 搬送指示なし
2026-06-25 14:04:31 [Info] 搬送指示要求GET 開始
2026-06-25 14:04:31 [Info] サーバー通信状態：ON-LINE
2026-06-25 14:04:31 [Info] 搬送指示要求GET 搬送指示なし
2026-06-25 14:04:36 [Info] 搬送指示要求GET 開始
2026-06-25 14:04:36 [Info] サーバー通信状態：ON-LINE
2026-06-25 14:04:36 [Info] 搬送指示要求GET 搬送指示なし
2026-06-25 14:04:41 [Info] 搬送指示要求GET 開始
2026-06-25 14:04:41 [Info] サーバー通信状態：ON-LINE
2026-06-25 14:04:41 [Info] 搬送指示要求GET 搬送指示なし
2026-06-25 14:04:46 [Info] 搬送指示要求GET 開始
2026-06-25 14:04:46 [Info] サーバー通信状態：ON-LINE
2026-06-25 14:04:46 [Info] 搬送指示要求GET 搬送指示なし
2026-06-25 14:04:51 [Info] 搬送指示要求GET 開始
2026-06-25 14:04:51 [Info] サーバー通信状態：ON-LINE
2026-06-25 14:04:51 [Info] 搬送指示要求GET 搬送指示なし
2026-06-25 14:04:56 [Info] 搬送指示要求GET 開始
2026-06-25 14:04:59 [Error] 搬送指示要求GET例外
2026-06-25 14:04:59 [Info] サーバー通信状態：OFF-LINE
2026-06-25 14:04:59 [Info] 異常状態：ALARM
2026-06-25 14:04:59 [Info] 動作状態：STOP
2026-06-25 14:04:59 [Error] 搬送指示要求GET 失敗
2026-06-25 14:05:04 [Info] 搬送指示要求GET 開始
2026-06-25 14:05:07 [Error] 搬送指示要求GET例外
2026-06-25 14:05:07 [Info] サーバー通信状態：OFF-LINE
2026-06-25 14:05:07 [Info] 異常状態：ALARM
2026-06-25 14:05:07 [Info] 動作状態：STOP
2026-06-25 14:05:07 [Error] 搬送指示要求GET 失敗
2026-06-25 14:05:12 [Info] 搬送指示要求GET 開始
